<?xml version="1.0" encoding="UTF-8"?>
<testng-results ignored="0" total="1" passed="1" failed="0" skipped="0">
  <reporter-output>
  </reporter-output>
  <suite started-at="2017-10-25T13:49:20Z" name="Surefire suite" finished-at="2017-10-25T13:49:28Z" duration-ms="8612">
    <groups>
      <group name="cucumber">
        <method signature="AbstractTestNGCucumberTests.feature(cucumber.api.testng.CucumberFeatureWrapper)[pri:0, instance:runner.TestRunner@3427b02d]" name="feature" class="cucumber.api.testng.AbstractTestNGCucumberTests"/>
      </group> <!-- cucumber -->
    </groups>
    <test started-at="2017-10-25T13:49:20Z" name="Surefire test" finished-at="2017-10-25T13:49:28Z" duration-ms="8612">
      <class name="runner.TestRunner">
        <test-method is-config="true" signature="setUpClass()[pri:0, instance:runner.TestRunner@3427b02d]" started-at="2017-10-25T16:49:20Z" name="setUpClass" finished-at="2017-10-25T16:49:20Z" duration-ms="469" status="PASS">
          <reporter-output>
          </reporter-output>
        </test-method> <!-- setUpClass -->
        <test-method signature="feature(cucumber.api.testng.CucumberFeatureWrapper)[pri:0, instance:runner.TestRunner@3427b02d]" started-at="2017-10-25T16:49:20Z" name="feature" description="Runs Cucumber Feature" data-provider="features" finished-at="2017-10-25T16:49:28Z" duration-ms="7910" status="PASS">
          <params>
            <param index="0">
              <value>
                <![CDATA[LoginFeature]]>
              </value>
            </param>
          </params>
          <reporter-output>
          </reporter-output>
        </test-method> <!-- feature -->
        <test-method is-config="true" signature="tearDownClass()[pri:0, instance:runner.TestRunner@3427b02d]" started-at="2017-10-25T16:49:28Z" name="tearDownClass" finished-at="2017-10-25T16:49:28Z" duration-ms="46" status="PASS">
          <reporter-output>
          </reporter-output>
        </test-method> <!-- tearDownClass -->
      </class> <!-- runner.TestRunner -->
    </test> <!-- Surefire test -->
  </suite> <!-- Surefire suite -->
</testng-results>
